<?xml version="1.0" encoding="UTF-8" ?>
<testsuite tests="10" failures="0" name="au.com.latitude.microservice.lambda.MaxDailyStockProfit.MaxDailyStockProfitTest" time="0.183" errors="0" skipped="0">
  <properties>
[...]
</properties>
  <testcase classname="au.com.latitude.microservice.lambda.MaxDailyStockProfit.MaxDailyStockProfitTest" name="test3_stockPriceHighInMiddle" time="0.063"/>
  <testcase classname="au.com.latitude.microservice.lambda.MaxDailyStockProfit.MaxDailyStockProfitTest" name="test2_stockPriceGoesDown" time="0.003"/>
  <testcase classname="au.com.latitude.microservice.lambda.MaxDailyStockProfit.MaxDailyStockProfitTest" name="test4_stockPriceSameAllDay" time="0.008"/>
  <testcase classname="au.com.latitude.microservice.lambda.MaxDailyStockProfit.MaxDailyStockProfitTest" name="test5_only3prices" time="0.01"/>
  <testcase classname="au.com.latitude.microservice.lambda.MaxDailyStockProfit.MaxDailyStockProfitTest" name="test1_stockPriceGoesUp" time="0.015"/>
  <testcase classname="au.com.latitude.microservice.lambda.MaxDailyStockProfit.MaxDailyStockProfitTest" name="test6_minimum2ndMaxLast" time="0.008"/>
  <testcase classname="au.com.latitude.microservice.lambda.MaxDailyStockProfit.MaxDailyStockProfitTest" name="test7_lowestPriceLast" time="0.004"/>
  <testcase classname="au.com.latitude.microservice.lambda.MaxDailyStockProfit.MaxDailyStockProfitTest" name="test8_determineMinutesOpen" time="0.071"/>
  <testcase classname="au.com.latitude.microservice.lambda.MaxDailyStockProfit.MaxDailyStockProfitTest" name="test9_determineMinutesOpen" time="0.001"/>
  <testcase classname="au.com.latitude.microservice.lambda.MaxDailyStockProfit.MaxDailyStockProfitTest" name="testApp" time="0"/>
</testsuite>